<?xml version="1.0" encoding="UTF-8"?>
<!-- Generated by org.testng.reporters.JUnitReportReporter -->
<testsuite hostname="DESKTOP-PPGENL0" failures="0" tests="1" name="Runnerone.Runnernew" time="58.850" errors="0" timestamp="2024-11-08T17:40:52 IST" skipped="0">
  <testcase classname="Runnerone.Runnernew" name="runScenario" time="58.850"/>
</testsuite> <!-- Runnerone.Runnernew -->
